#
# A fatal error has been detected by the Java Runtime Environment:
#
#  EXCEPTION_ACCESS_VIOLATION (0xc0000005) at pc=0x0000000054e582b5, pid=9896, tid=8076
#
# JRE version: Java(TM) SE Runtime Environment (8.0_45-b15) (build 1.8.0_45-b15)
# Java VM: Java HotSpot(TM) 64-Bit Server VM (25.45-b02 mixed mode windows-amd64 compressed oops)
# Problematic frame:
# V  [jvm.dll+0x1282b5]
#
# Failed to write core dump. Minidumps are not enabled by default on client versions of Windows
#
# If you would like to submit a bug report, please visit:
#   http://bugreport.java.com/bugreport/crash.jsp
#

---------------  T H R E A D  ---------------

Current thread (0x0000000018972000):  JavaThread "JDWP Transport Listener: dt_socket" daemon [_thread_in_vm, id=8076, stack(0x0000000019220000,0x0000000019320000)]

siginfo: ExceptionCode=0xc0000005, reading address 0xffffffffffffffff

Registers:
RAX=0x000000001931f601, RBX=0x0000000018972000, RCX=0x003b6e00003b7200, RDX=0x0000000000000000
RSP=0x000000001931f670, RBP=0x003b6e00003b7200, RSI=0x000000001931f788, RDI=0x0000000002473d90
R8 =0x0000000018972000, R9 =0x000000000000ff00, R10=0x0000000000000000, R11=0x00000199ffff0000
R12=0x0000000000000000, R13=0x0000000018972f98, R14=0x0000000000000000, R15=0x0000000000000000
RIP=0x0000000054e582b5, EFLAGS=0x0000000000010206

Top of Stack: (sp=0x000000001931f670)
0x000000001931f670:   0000000018972000 0000000021948a10
0x000000001931f680:   000000001931f738 000000005505c7db
0x000000001931f690:   0000000018972000 000000005507903d
0x000000001931f6a0:   0000000000000000 000000006e809155
0x000000001931f6b0:   000000001bd2e658 000000006e81291e
0x000000001931f6c0:   0000000018972000 0000000000000000
0x000000001931f6d0:   0000000000000000 0000000000000000
0x000000001931f6e0:   003b6e00003b7200 000000006e811a15
0x000000001931f6f0:   000000001931f788 000000001931f760
0x000000001931f700:   0000000000000001 000000001bd2e658
0x000000001931f710:   003b6e00003b7200 000000006e7f53b3
0x000000001931f720:   000000001931f850 0000000000000001
0x000000001931f730:   0000000000000001 000000001bd2e658
0x000000001931f740:   00000000f000100a 0000000000000000
0x000000001931f750:   0000000000000000 0000000000000000
0x000000001931f760:   0000000000000001 000000006e7f5571 

Instructions: (pc=0x0000000054e582b5)
0x0000000054e58295:   cc cc cc cc cc cc cc cc cc cc cc 48 83 ec 28 48
0x0000000054e582a5:   85 c9 75 07 33 c0 48 83 c4 28 c3 48 89 5c 24 20
0x0000000054e582b5:   48 8b 19 48 85 db 74 20 48 83 fb 37 74 1a 48 8b
0x0000000054e582c5:   13 48 8b cb ff 52 10 84 c0 74 0d 48 8b c3 48 8b 


Register to memory mapping:

RAX=0x000000001931f601 is pointing into the stack for thread: 0x0000000018972000
RBX=0x0000000018972000 is a thread
RCX=0x003b6e00003b7200 is an unknown value
RDX=0x0000000000000000 is an unknown value
RSP=0x000000001931f670 is pointing into the stack for thread: 0x0000000018972000
RBP=0x003b6e00003b7200 is an unknown value
RSI=0x000000001931f788 is pointing into the stack for thread: 0x0000000018972000
RDI=0x0000000002473d90 is an unknown value
R8 =0x0000000018972000 is a thread
R9 =0x000000000000ff00 is an unknown value
R10=0x0000000000000000 is an unknown value
R11=0x00000199ffff0000 is an unknown value
R12=0x0000000000000000 is an unknown value
R13=0x0000000018972f98 is an unknown value
R14=0x0000000000000000 is an unknown value
R15=0x0000000000000000 is an unknown value


Stack: [0x0000000019220000,0x0000000019320000],  sp=0x000000001931f670,  free space=1021k
Native frames: (J=compiled Java code, j=interpreted, Vv=VM code, C=native code)
V  [jvm.dll+0x1282b5]
V  [jvm.dll+0x34903d]
C  [jdwp.dll+0x21a15]
C  [jdwp.dll+0x53b3]
C  [jdwp.dll+0x5571]
C  [jdwp.dll+0xf0a8]
C  [jdwp.dll+0x1f2d5]
C  [jdwp.dll+0x1f4aa]
V  [jvm.dll+0x1bae98]
V  [jvm.dll+0x241984]
V  [jvm.dll+0x29853a]
C  [msvcr100.dll+0x21d9f]
C  [msvcr100.dll+0x21e3b]
C  [kernel32.dll+0x159bd]
C  [ntdll.dll+0x2a2e1]


---------------  P R O C E S S  ---------------

Java Threads: ( => current thread )
  0x000000001a5f6000 JavaThread "pool-11-thread-2" daemon [_thread_blocked, id=6936, stack(0x0000000031080000,0x0000000031180000)]
  0x000000001a5f5800 JavaThread "pool-2-thread-2" [_thread_blocked, id=11724, stack(0x0000000031c00000,0x0000000031d00000)]
  0x000000001a5f4800 JavaThread "pool-2-thread-1" [_thread_in_native, id=12852, stack(0x0000000030cb0000,0x0000000030db0000)]
  0x000000001a5f4000 JavaThread "RxIoScheduler-1 (Evictor)" daemon [_thread_blocked, id=5572, stack(0x0000000031da0000,0x0000000031ea0000)]
  0x000000001a5f3000 JavaThread "DataPublisher" daemon [_thread_blocked, id=5576, stack(0x0000000031b00000,0x0000000031c00000)]
  0x000000001b023800 JavaThread "pool-11-thread-1" daemon [_thread_blocked, id=10244, stack(0x00000000319c0000,0x0000000031ac0000)]
  0x000000001b023000 JavaThread "NFLoadBalancer-PingTimer-services" daemon [_thread_blocked, id=12048, stack(0x0000000030a30000,0x0000000030b30000)]
  0x000000001b01f000 JavaThread "XNIO-2 task-32" [_thread_blocked, id=5924, stack(0x000000002fce0000,0x000000002fde0000)]
  0x000000001b020800 JavaThread "XNIO-2 task-31" [_thread_blocked, id=10216, stack(0x0000000030910000,0x0000000030a10000)]
  0x000000001b020000 JavaThread "XNIO-2 task-30" [_thread_blocked, id=8844, stack(0x00000000306b0000,0x00000000307b0000)]
  0x000000001b01e800 JavaThread "XNIO-2 task-29" [_thread_blocked, id=13256, stack(0x00000000307e0000,0x00000000308e0000)]
  0x000000001b01d800 JavaThread "XNIO-2 task-28" [_thread_blocked, id=9484, stack(0x0000000030570000,0x0000000030670000)]
  0x000000001b01d000 JavaThread "XNIO-2 task-27" [_thread_blocked, id=7864, stack(0x000000002f8b0000,0x000000002f9b0000)]
  0x000000001a467800 JavaThread "XNIO-2 task-26" [_thread_blocked, id=8928, stack(0x0000000030450000,0x0000000030550000)]
  0x000000002ca72000 JavaThread "XNIO-2 task-25" [_thread_blocked, id=8692, stack(0x000000002b300000,0x000000002b400000)]
  0x000000002ca71000 JavaThread "XNIO-2 task-24" [_thread_blocked, id=6216, stack(0x0000000030320000,0x0000000030420000)]
  0x000000002ca70800 JavaThread "XNIO-2 task-23" [_thread_blocked, id=4600, stack(0x000000002eda0000,0x000000002eea0000)]
  0x000000002ca6f800 JavaThread "XNIO-2 task-22" [_thread_blocked, id=8440, stack(0x0000000030160000,0x0000000030260000)]
  0x000000002ca6f000 JavaThread "XNIO-2 task-21" [_thread_blocked, id=8288, stack(0x0000000030040000,0x0000000030140000)]
  0x000000002ca6e000 JavaThread "XNIO-2 task-20" [_thread_blocked, id=8200, stack(0x000000002fe40000,0x000000002ff40000)]
  0x000000002ca6d000 JavaThread "XNIO-2 task-19" [_thread_blocked, id=6548, stack(0x000000002fbe0000,0x000000002fce0000)]
  0x000000002ca6c800 JavaThread "AsyncResolver-bootstrap-executor-0" daemon [_thread_blocked, id=8172, stack(0x000000002fab0000,0x000000002fbb0000)]
  0x000000002ca6b800 JavaThread "XNIO-2 task-18" [_thread_blocked, id=2692, stack(0x000000002f9b0000,0x000000002fab0000)]
  0x0000000023963000 JavaThread "XNIO-2 task-17" [_thread_blocked, id=12892, stack(0x000000002f790000,0x000000002f890000)]
  0x0000000023962000 JavaThread "XNIO-2 task-16" [_thread_blocked, id=12152, stack(0x000000002f5a0000,0x000000002f6a0000)]
  0x0000000023961800 JavaThread "XNIO-2 task-15" [_thread_blocked, id=4584, stack(0x000000002f460000,0x000000002f560000)]
  0x0000000023960800 JavaThread "XNIO-2 task-14" [_thread_blocked, id=7100, stack(0x000000002f310000,0x000000002f410000)]
  0x0000000023960000 JavaThread "XNIO-2 task-13" [_thread_blocked, id=12512, stack(0x000000002eca0000,0x000000002eda0000)]
  0x000000002395f000 JavaThread "XNIO-2 task-12" [_thread_blocked, id=12136, stack(0x000000002eed0000,0x000000002efd0000)]
  0x000000002395e800 JavaThread "XNIO-2 task-11" [_thread_blocked, id=5036, stack(0x000000002f1e0000,0x000000002f2e0000)]
  0x000000002395d800 JavaThread "XNIO-2 task-10" [_thread_blocked, id=7780, stack(0x000000002eff0000,0x000000002f0f0000)]
  0x000000002395d000 JavaThread "XNIO-2 task-9" [_thread_blocked, id=6160, stack(0x000000002eae0000,0x000000002ebe0000)]
  0x000000002395c000 JavaThread "XNIO-2 task-8" [_thread_blocked, id=8404, stack(0x000000002e860000,0x000000002e960000)]
  0x000000001fdf3800 JavaThread "XNIO-2 task-7" [_thread_blocked, id=10492, stack(0x000000002e990000,0x000000002ea90000)]
  0x000000001fdf3000 JavaThread "DiscoveryClient-2" daemon [_thread_blocked, id=4952, stack(0x0000000029a00000,0x0000000029b00000)]
  0x000000001fdf2000 JavaThread "DiscoveryClient-HeartbeatExecutor-0" daemon [_thread_blocked, id=6532, stack(0x000000002de10000,0x000000002df10000)]
  0x000000001fdf0800 JavaThread "DiscoveryClient-CacheRefreshExecutor-0" daemon [_thread_blocked, id=10800, stack(0x000000002e4d0000,0x000000002e5d0000)]
  0x000000001a470800 JavaThread "elasticsearch[Coldfire][management][T#2]" daemon [_thread_blocked, id=12848, stack(0x000000002ad70000,0x000000002ae70000)]
  0x000000001fdf0000 JavaThread "XNIO-2 task-5" [_thread_blocked, id=12768, stack(0x000000002e190000,0x000000002e290000)]
  0x000000001fdef000 JavaThread "XNIO-2 task-6" [_thread_blocked, id=9812, stack(0x000000002dca0000,0x000000002dda0000)]
  0x000000001fdee800 JavaThread "XNIO-2 task-4" [_thread_blocked, id=10652, stack(0x000000002b8e0000,0x000000002b9e0000)]
  0x000000001fded800 JavaThread "XNIO-2 task-3" [_thread_blocked, id=11744, stack(0x000000002b9f0000,0x000000002baf0000)]
  0x000000001fded000 JavaThread "XNIO-2 task-2" [_thread_blocked, id=8560, stack(0x000000002b680000,0x000000002b780000)]
  0x000000001c64a000 JavaThread "XNIO-2 task-1" [_thread_blocked, id=11420, stack(0x000000002b790000,0x000000002b890000)]
  0x000000001c649800 JavaThread "DestroyJavaVM" [_thread_blocked, id=10372, stack(0x00000000024a0000,0x00000000025a0000)]
  0x000000001c648800 JavaThread "XNIO-2 Accept" [_thread_in_native, id=6860, stack(0x000000002e050000,0x000000002e150000)]
  0x000000001c648000 JavaThread "XNIO-2 I/O-4" [_thread_in_native, id=12904, stack(0x000000002bb60000,0x000000002bc60000)]
  0x000000001c647000 JavaThread "XNIO-2 I/O-3" [_thread_in_native, id=9452, stack(0x00000000295a0000,0x00000000296a0000)]
  0x000000001c646800 JavaThread "XNIO-2 I/O-2" [_thread_in_native, id=3012, stack(0x000000002df50000,0x000000002e050000)]
  0x000000001c645800 JavaThread "XNIO-2 I/O-1" [_thread_in_native, id=12792, stack(0x0000000029900000,0x0000000029a00000)]
  0x000000001c644000 JavaThread "DiscoveryClient-InstanceInfoReplicator-0" daemon [_thread_blocked, id=7244, stack(0x000000002b500000,0x000000002b600000)]
  0x000000001a472000 JavaThread "DiscoveryClient-1" daemon [_thread_blocked, id=13056, stack(0x000000002b400000,0x000000002b500000)]
  0x000000001a46a000 JavaThread "DiscoveryClient-0" daemon [_thread_blocked, id=12020, stack(0x000000002b200000,0x000000002b300000)]
  0x000000001c643800 JavaThread "AsyncResolver-bootstrap-0" daemon [_thread_blocked, id=10152, stack(0x000000002ae90000,0x000000002af90000)]
  0x000000001a476000 JavaThread "Eureka-JerseyClient-Conn-Cleaner2" daemon [_thread_blocked, id=9728, stack(0x0000000029df0000,0x0000000029ef0000)]
  0x000000001a475000 JavaThread "Eureka-JerseyClient-Conn-Cleaner2" daemon [_thread_blocked, id=11556, stack(0x000000002ac70000,0x000000002ad70000)]
  0x000000001a473000 JavaThread "H2 Console Server (http://192.168.56.1:8191)" [_thread_in_native, id=10688, stack(0x0000000029f10000,0x000000002a010000)]
  0x000000001a470000 JavaThread "elasticsearch[Coldfire][generic][T#1]" daemon [_thread_blocked, id=7076, stack(0x00000000297d0000,0x00000000298d0000)]
  0x000000001a46f000 JavaThread "elasticsearch[Coldfire][management][T#1]" daemon [_thread_blocked, id=13292, stack(0x00000000291f0000,0x00000000292f0000)]
  0x000000001a46e800 JavaThread "elasticsearch[Coldfire][clusterService#updateTask][T#1]" daemon [_thread_blocked, id=10964, stack(0x00000000296a0000,0x00000000297a0000)]
  0x000000001a46d800 JavaThread "elasticsearch[Coldfire][[ttl_expire]]" daemon [_thread_blocked, id=1508, stack(0x0000000029490000,0x0000000029590000)]
  0x000000001a46d000 JavaThread "elasticsearch[Coldfire][scheduler][T#1]" daemon [_thread_blocked, id=1108, stack(0x0000000029350000,0x0000000029450000)]
  0x000000001a46c000 JavaThread "elasticsearch[Coldfire][[timer]]" daemon [_thread_blocked, id=11864, stack(0x000000001ea30000,0x000000001eb30000)]
  0x000000001a46b800 JavaThread "Thread-5" [_thread_blocked, id=8964, stack(0x0000000026510000,0x0000000026610000)]
  0x000000001a46a800 JavaThread "Thread-4" [_thread_blocked, id=2164, stack(0x0000000026160000,0x0000000026260000)]
  0x000000001a468800 JavaThread "Tomcat JDBC Pool Cleaner[349885916:1468620639616]" daemon [_thread_blocked, id=1524, stack(0x000000001d730000,0x000000001d830000)]
  0x0000000021bf6800 JavaThread "XNIO-1 Accept" daemon [_thread_in_native, id=9064, stack(0x000000001ff80000,0x0000000020080000)]
  0x00000000246c6800 JavaThread "XNIO-1 I/O-1" daemon [_thread_in_native, id=6852, stack(0x000000001eba0000,0x000000001eca0000)]
  0x000000001b877000 JavaThread "spring.cloud.inetutils" daemon [_thread_blocked, id=10196, stack(0x000000001cbb0000,0x000000001ccb0000)]
  0x0000000018a03000 JavaThread "Service Thread" daemon [_thread_blocked, id=5168, stack(0x0000000019b60000,0x0000000019c60000)]
  0x000000001898c000 JavaThread "C1 CompilerThread2" daemon [_thread_blocked, id=13084, stack(0x0000000019c60000,0x0000000019d60000)]
  0x0000000018988800 JavaThread "C2 CompilerThread1" daemon [_thread_blocked, id=13156, stack(0x0000000019650000,0x0000000019750000)]
  0x0000000018986800 JavaThread "C2 CompilerThread0" daemon [_thread_blocked, id=11080, stack(0x0000000019450000,0x0000000019550000)]
  0x000000001897b800 JavaThread "JDWP Command Reader" daemon [_thread_in_native, id=11540, stack(0x00000000199f0000,0x0000000019af0000)]
  0x0000000018976000 JavaThread "JDWP Event Helper Thread" daemon [_thread_blocked, id=12068, stack(0x00000000198f0000,0x00000000199f0000)]
=>0x0000000018972000 JavaThread "JDWP Transport Listener: dt_socket" daemon [_thread_in_vm, id=8076, stack(0x0000000019220000,0x0000000019320000)]
  0x0000000017721800 JavaThread "Attach Listener" daemon [_thread_blocked, id=12648, stack(0x0000000019090000,0x0000000019190000)]
  0x0000000017730800 JavaThread "Signal Dispatcher" daemon [_thread_blocked, id=11840, stack(0x0000000018df0000,0x0000000018ef0000)]
  0x00000000176ee000 JavaThread "Finalizer" daemon [_thread_blocked, id=9156, stack(0x0000000018830000,0x0000000018930000)]
  0x00000000176ec800 JavaThread "Reference Handler" daemon [_thread_blocked, id=11596, stack(0x0000000018550000,0x0000000018650000)]

Other Threads:
  0x00000000176e7000 VMThread [stack: 0x0000000018680000,0x0000000018780000] [id=3384]
  0x0000000018a43800 WatcherThread [stack: 0x0000000019ec0000,0x0000000019fc0000] [id=2900]

VM state:not at safepoint (normal execution)

VM Mutex/Monitor currently owned by a thread: None

Heap:
 PSYoungGen      total 647168K, used 408486K [0x00000000d5f00000, 0x0000000100000000, 0x0000000100000000)
  eden space 603136K, 67% used [0x00000000d5f00000,0x00000000eede9be0,0x00000000fac00000)
  from space 44032K, 0% used [0x00000000fd500000,0x00000000fd500000,0x0000000100000000)
  to   space 41984K, 0% used [0x00000000fac00000,0x00000000fac00000,0x00000000fd500000)
 ParOldGen       total 181760K, used 75640K [0x0000000081c00000, 0x000000008cd80000, 0x00000000d5f00000)
  object space 181760K, 41% used [0x0000000081c00000,0x00000000865de268,0x000000008cd80000)
 Metaspace       used 107614K, capacity 108822K, committed 109184K, reserved 1144832K
  class space    used 13866K, capacity 14105K, committed 14208K, reserved 1048576K

Card table byte_map: [0x0000000011c30000,0x0000000012030000] byte_map_base: 0x0000000011822000

Marking Bits: (ParMarkBitMap*) 0x0000000055534040
 Begin Bits: [0x0000000012a20000, 0x00000000149b0000)
 End Bits:   [0x00000000149b0000, 0x0000000016940000)

Polling page: 0x00000000003c0000

CodeCache: size=245760Kb used=41139Kb max_used=41160Kb free=204621Kb
 bounds [0x0000000002870000, 0x00000000050e0000, 0x0000000011870000]
 total_blobs=11691 nmethods=10987 adapters=623
 compilation: enabled

Compilation events (10 events):
Event: 2683.417 Thread 0x000000001898c000 13834       3       sun.nio.ch.Util$2::size (10 bytes)
Event: 2683.417 Thread 0x000000001898c000 nmethod 13834 0x00000000050cc810 code [0x00000000050cc980, 0x00000000050ccba8]
Event: 2683.424 Thread 0x000000001898c000 13835       3       io.undertow.servlet.handlers.ServletRequestContext::current (25 bytes)
Event: 2683.424 Thread 0x000000001898c000 nmethod 13835 0x00000000050ce2d0 code [0x00000000050ce460, 0x00000000050ce898]
Event: 2686.461 Thread 0x000000001898c000 13836       3       com.fasterxml.jackson.core.json.UTF8StreamJsonParser::parseLongName (381 bytes)
Event: 2686.462 Thread 0x000000001898c000 nmethod 13836 0x00000000050d0f50 code [0x00000000050d11c0, 0x00000000050d2258]
Event: 2686.462 Thread 0x000000001898c000 13837       3       com.fasterxml.jackson.core.json.UTF8StreamJsonParser::findName (63 bytes)
Event: 2686.462 Thread 0x000000001898c000 nmethod 13837 0x00000000050cd9d0 code [0x00000000050cdb60, 0x00000000050ce038]
Event: 2706.281 Thread 0x0000000018988800 13838   !   4       org.apache.tomcat.jdbc.pool.DisposableConnectionFacade::invoke (190 bytes)
Event: 2706.320 Thread 0x0000000018988800 nmethod 13838 0x00000000050d6d50 code [0x00000000050d70a0, 0x00000000050d9aa8]

GC Heap History (10 events):
Event: 32.377 GC heap before
{Heap before GC invocations=20 (full 3):
 PSYoungGen      total 657408K, used 654900K [0x00000000d5f00000, 0x0000000100000000, 0x0000000100000000)
  eden space 630784K, 100% used [0x00000000d5f00000,0x00000000fc700000,0x00000000fc700000)
  from space 26624K, 90% used [0x00000000fe600000,0x00000000ffd8d210,0x0000000100000000)
  to   space 29184K, 0% used [0x00000000fc700000,0x00000000fc700000,0x00000000fe380000)
 ParOldGen       total 129536K, used 47953K [0x0000000081c00000, 0x0000000089a80000, 0x00000000d5f00000)
  object space 129536K, 37% used [0x0000000081c00000,0x0000000084ad44a0,0x0000000089a80000)
 Metaspace       used 83813K, capacity 84502K, committed 85120K, reserved 1124352K
  class space    used 10897K, capacity 11045K, committed 11136K, reserved 1048576K
Event: 32.967 GC heap after
Heap after GC invocations=20 (full 3):
 PSYoungGen      total 659968K, used 29183K [0x00000000d5f00000, 0x0000000100000000, 0x0000000100000000)
  eden space 630784K, 0% used [0x00000000d5f00000,0x00000000d5f00000,0x00000000fc700000)
  from space 29184K, 99% used [0x00000000fc700000,0x00000000fe37fd88,0x00000000fe380000)
  to   space 29184K, 0% used [0x00000000fe380000,0x00000000fe380000,0x0000000100000000)
 ParOldGen       total 129536K, used 69190K [0x0000000081c00000, 0x0000000089a80000, 0x00000000d5f00000)
  object space 129536K, 53% used [0x0000000081c00000,0x0000000085f91860,0x0000000089a80000)
 Metaspace       used 83813K, capacity 84502K, committed 85120K, reserved 1124352K
  class space    used 10897K, capacity 11045K, committed 11136K, reserved 1048576K
}
Event: 37.792 GC heap before
{Heap before GC invocations=21 (full 3):
 PSYoungGen      total 659968K, used 659967K [0x00000000d5f00000, 0x0000000100000000, 0x0000000100000000)
  eden space 630784K, 100% used [0x00000000d5f00000,0x00000000fc700000,0x00000000fc700000)
  from space 29184K, 99% used [0x00000000fc700000,0x00000000fe37fd88,0x00000000fe380000)
  to   space 29184K, 0% used [0x00000000fe380000,0x00000000fe380000,0x0000000100000000)
 ParOldGen       total 129536K, used 69190K [0x0000000081c00000, 0x0000000089a80000, 0x00000000d5f00000)
  object space 129536K, 53% used [0x0000000081c00000,0x0000000085f91860,0x0000000089a80000)
 Metaspace       used 88516K, capacity 89292K, committed 89856K, reserved 1128448K
  class space    used 11508K, capacity 11694K, committed 11776K, reserved 1048576K
Event: 37.839 GC heap after
Heap after GC invocations=21 (full 3):
 PSYoungGen      total 635392K, used 24632K [0x00000000d5f00000, 0x0000000100000000, 0x0000000100000000)
  eden space 606208K, 0% used [0x00000000d5f00000,0x00000000d5f00000,0x00000000faf00000)
  from space 29184K, 84% used [0x00000000fe380000,0x00000000ffb8e038,0x0000000100000000)
  to   space 41472K, 0% used [0x00000000faf00000,0x00000000faf00000,0x00000000fd780000)
 ParOldGen       total 129536K, used 77672K [0x0000000081c00000, 0x0000000089a80000, 0x00000000d5f00000)
  object space 129536K, 59% used [0x0000000081c00000,0x00000000867da0e0,0x0000000089a80000)
 Metaspace       used 88516K, capacity 89292K, committed 89856K, reserved 1128448K
  class space    used 11508K, capacity 11694K, committed 11776K, reserved 1048576K
}
Event: 41.223 GC heap before
{Heap before GC invocations=22 (full 3):
 PSYoungGen      total 635392K, used 630840K [0x00000000d5f00000, 0x0000000100000000, 0x0000000100000000)
  eden space 606208K, 100% used [0x00000000d5f00000,0x00000000faf00000,0x00000000faf00000)
  from space 29184K, 84% used [0x00000000fe380000,0x00000000ffb8e038,0x0000000100000000)
  to   space 41472K, 0% used [0x00000000faf00000,0x00000000faf00000,0x00000000fd780000)
 ParOldGen       total 129536K, used 77672K [0x0000000081c00000, 0x0000000089a80000, 0x00000000d5f00000)
  object space 129536K, 59% used [0x0000000081c00000,0x00000000867da0e0,0x0000000089a80000)
 Metaspace       used 92260K, capacity 93058K, committed 93440K, reserved 1130496K
  class space    used 12038K, capacity 12215K, committed 12288K, reserved 1048576K
Event: 41.296 GC heap after
Heap after GC invocations=22 (full 3):
 PSYoungGen      total 638464K, used 32036K [0x00000000d5f00000, 0x0000000100000000, 0x0000000100000000)
  eden space 606208K, 0% used [0x00000000d5f00000,0x00000000d5f00000,0x00000000faf00000)
  from space 32256K, 99% used [0x00000000faf00000,0x00000000fce491a0,0x00000000fce80000)
  to   space 44032K, 0% used [0x00000000fd500000,0x00000000fd500000,0x0000000100000000)
 ParOldGen       total 129536K, used 84691K [0x0000000081c00000, 0x0000000089a80000, 0x00000000d5f00000)
  object space 129536K, 65% used [0x0000000081c00000,0x0000000086eb4fb8,0x0000000089a80000)
 Metaspace       used 92260K, capacity 93058K, committed 93440K, reserved 1130496K
  class space    used 12038K, capacity 12215K, committed 12288K, reserved 1048576K
}
Event: 44.245 GC heap before
{Heap before GC invocations=23 (full 3):
 PSYoungGen      total 638464K, used 450448K [0x00000000d5f00000, 0x0000000100000000, 0x0000000100000000)
  eden space 606208K, 69% used [0x00000000d5f00000,0x00000000ef79af38,0x00000000faf00000)
  from space 32256K, 99% used [0x00000000faf00000,0x00000000fce491a0,0x00000000fce80000)
  to   space 44032K, 0% used [0x00000000fd500000,0x00000000fd500000,0x0000000100000000)
 ParOldGen       total 129536K, used 84691K [0x0000000081c00000, 0x0000000089a80000, 0x00000000d5f00000)
  object space 129536K, 65% used [0x0000000081c00000,0x0000000086eb4fb8,0x0000000089a80000)
 Metaspace       used 97273K, capacity 98220K, committed 98560K, reserved 1134592K
  class space    used 12745K, capacity 12942K, committed 13056K, reserved 1048576K
Event: 44.292 GC heap after
Heap after GC invocations=23 (full 3):
 PSYoungGen      total 647168K, used 18421K [0x00000000d5f00000, 0x0000000100000000, 0x0000000100000000)
  eden space 603136K, 0% used [0x00000000d5f00000,0x00000000d5f00000,0x00000000fac00000)
  from space 44032K, 41% used [0x00000000fd500000,0x00000000fe6fd410,0x0000000100000000)
  to   space 41984K, 0% used [0x00000000fac00000,0x00000000fac00000,0x00000000fd500000)
 ParOldGen       total 129536K, used 91412K [0x0000000081c00000, 0x0000000089a80000, 0x00000000d5f00000)
  object space 129536K, 70% used [0x0000000081c00000,0x0000000087545008,0x0000000089a80000)
 Metaspace       used 97273K, capacity 98220K, committed 98560K, reserved 1134592K
  class space    used 12745K, capacity 12942K, committed 13056K, reserved 1048576K
}
Event: 44.293 GC heap before
{Heap before GC invocations=24 (full 4):
 PSYoungGen      total 647168K, used 18421K [0x00000000d5f00000, 0x0000000100000000, 0x0000000100000000)
  eden space 603136K, 0% used [0x00000000d5f00000,0x00000000d5f00000,0x00000000fac00000)
  from space 44032K, 41% used [0x00000000fd500000,0x00000000fe6fd410,0x0000000100000000)
  to   space 41984K, 0% used [0x00000000fac00000,0x00000000fac00000,0x00000000fd500000)
 ParOldGen       total 129536K, used 91412K [0x0000000081c00000, 0x0000000089a80000, 0x00000000d5f00000)
  object space 129536K, 70% used [0x0000000081c00000,0x0000000087545008,0x0000000089a80000)
 Metaspace       used 97273K, capacity 98220K, committed 98560K, reserved 1134592K
  class space    used 12745K, capacity 12942K, committed 13056K, reserved 1048576K
Event: 45.540 GC heap after
Heap after GC invocations=24 (full 4):
 PSYoungGen      total 647168K, used 0K [0x00000000d5f00000, 0x0000000100000000, 0x0000000100000000)
  eden space 603136K, 0% used [0x00000000d5f00000,0x00000000d5f00000,0x00000000fac00000)
  from space 44032K, 0% used [0x00000000fd500000,0x00000000fd500000,0x0000000100000000)
  to   space 41984K, 0% used [0x00000000fac00000,0x00000000fac00000,0x00000000fd500000)
 ParOldGen       total 181760K, used 75640K [0x0000000081c00000, 0x000000008cd80000, 0x00000000d5f00000)
  object space 181760K, 41% used [0x0000000081c00000,0x00000000865de268,0x000000008cd80000)
 Metaspace       used 97273K, capacity 98220K, committed 98560K, reserved 1134592K
  class space    used 12745K, capacity 12942K, committed 13056K, reserved 1048576K
}

Deoptimization events (10 events):
Event: 1123.284 Thread 0x000000001fdef000 Uncommon trap: reason=unhandled action=none pc=0x0000000003c00a28 method=java.lang.Class.getMethod(Ljava/lang/String;[Ljava/lang/Class;)Ljava/lang/reflect/Method; @ 61
Event: 1123.285 Thread 0x000000001fdef000 Uncommon trap: reason=unhandled action=none pc=0x0000000003c00a28 method=java.lang.Class.getMethod(Ljava/lang/String;[Ljava/lang/Class;)Ljava/lang/reflect/Method; @ 61
Event: 1123.285 Thread 0x000000001fdef000 Uncommon trap: reason=unhandled action=none pc=0x0000000003c00a28 method=java.lang.Class.getMethod(Ljava/lang/String;[Ljava/lang/Class;)Ljava/lang/reflect/Method; @ 61
Event: 1123.287 Thread 0x000000001c64a000 Uncommon trap: reason=unhandled action=none pc=0x0000000003c00a28 method=java.lang.Class.getMethod(Ljava/lang/String;[Ljava/lang/Class;)Ljava/lang/reflect/Method; @ 61
Event: 1123.287 Thread 0x000000001c64a000 Uncommon trap: reason=unhandled action=none pc=0x0000000003c00a28 method=java.lang.Class.getMethod(Ljava/lang/String;[Ljava/lang/Class;)Ljava/lang/reflect/Method; @ 61
Event: 1636.237 Thread 0x000000001fdf2000 Uncommon trap: reason=class_check action=maybe_recompile pc=0x0000000004431538 method=java.util.HashMap.removeNode(ILjava/lang/Object;Ljava/lang/Object;ZZ)Ljava/util/HashMap$Node; @ 143
Event: 1756.204 Thread 0x000000001fdf0800 Uncommon trap: reason=class_check action=maybe_recompile pc=0x0000000004431538 method=java.util.HashMap.removeNode(ILjava/lang/Object;Ljava/lang/Object;ZZ)Ljava/util/HashMap$Node; @ 143
Event: 1860.878 Thread 0x000000001c648000 Uncommon trap: reason=unhandled action=none pc=0x00000000039c73d4 method=java.net.URLClassLoader.findClass(Ljava/lang/String;)Ljava/lang/Class; @ 44
Event: 1861.554 Thread 0x000000002395c000 Uncommon trap: reason=unhandled action=none pc=0x00000000039c73d4 method=java.net.URLClassLoader.findClass(Ljava/lang/String;)Ljava/lang/Class; @ 44
Event: 2716.462 Thread 0x000000001fdf2000 Uncommon trap: reason=class_check action=maybe_recompile pc=0x0000000004431538 method=java.util.HashMap.removeNode(ILjava/lang/Object;Ljava/lang/Object;ZZ)Ljava/util/HashMap$Node; @ 143

Internal exceptions (10 events):
Event: 2641.361 Thread 0x000000001a46d000 Exception <a 'sun/nio/fs/WindowsException'> (0x00000000eeb54148) thrown at [C:\re\workspace\8-2-build-windows-amd64-cygwin\jdk8u45\3627\hotspot\src\share\vm\prims\jni.cpp, line 709]
Event: 2655.756 Thread 0x000000001a5f4800 Exception <a 'java/net/SocketTimeoutException': Read timed out> (0x00000000ebd3acc0) thrown at [C:\re\workspace\8-2-build-windows-amd64-cygwin\jdk8u45\3627\hotspot\src\share\vm\prims\jni.cpp, line 735]
Event: 2670.757 Thread 0x000000001a5f4800 Exception <a 'java/net/SocketTimeoutException': Read timed out> (0x00000000ebd3aec0) thrown at [C:\re\workspace\8-2-build-windows-amd64-cygwin\jdk8u45\3627\hotspot\src\share\vm\prims\jni.cpp, line 735]
Event: 2671.362 Thread 0x000000001a46d000 Exception <a 'sun/nio/fs/WindowsException'> (0x00000000eeb604c0) thrown at [C:\re\workspace\8-2-build-windows-amd64-cygwin\jdk8u45\3627\hotspot\src\share\vm\prims\jni.cpp, line 709]
Event: 2671.362 Thread 0x000000001a46d000 Exception <a 'sun/nio/fs/WindowsException'> (0x00000000eeb60a60) thrown at [C:\re\workspace\8-2-build-windows-amd64-cygwin\jdk8u45\3627\hotspot\src\share\vm\prims\jni.cpp, line 709]
Event: 2685.757 Thread 0x000000001a5f4800 Exception <a 'java/net/SocketTimeoutException': Read timed out> (0x00000000ebd3b0c0) thrown at [C:\re\workspace\8-2-build-windows-amd64-cygwin\jdk8u45\3627\hotspot\src\share\vm\prims\jni.cpp, line 735]
Event: 2700.758 Thread 0x000000001a5f4800 Exception <a 'java/net/SocketTimeoutException': Read timed out> (0x00000000ebd3b2f0) thrown at [C:\re\workspace\8-2-build-windows-amd64-cygwin\jdk8u45\3627\hotspot\src\share\vm\prims\jni.cpp, line 735]
Event: 2701.362 Thread 0x000000001a46d000 Exception <a 'sun/nio/fs/WindowsException'> (0x00000000eeb6cc18) thrown at [C:\re\workspace\8-2-build-windows-amd64-cygwin\jdk8u45\3627\hotspot\src\share\vm\prims\jni.cpp, line 709]
Event: 2701.364 Thread 0x000000001a46d000 Exception <a 'sun/nio/fs/WindowsException'> (0x00000000eeb6d1b8) thrown at [C:\re\workspace\8-2-build-windows-amd64-cygwin\jdk8u45\3627\hotspot\src\share\vm\prims\jni.cpp, line 709]
Event: 2715.758 Thread 0x000000001a5f4800 Exception <a 'java/net/SocketTimeoutException': Read timed out> (0x00000000ebd3b4f0) thrown at [C:\re\workspace\8-2-build-windows-amd64-cygwin\jdk8u45\3627\hotspot\src\share\vm\prims\jni.cpp, line 735]

Events (10 events):
Event: 2715.758 Thread 0x000000001a5f4800 DEOPT UNPACKING pc=0x00000000028b787f sp=0x0000000030daf2c0 mode 1
Event: 2715.758 Thread 0x000000001a5f4800 DEOPT PACKING pc=0x0000000004f6cdc8 sp=0x0000000030daf5f0
Event: 2715.758 Thread 0x000000001a5f4800 DEOPT UNPACKING pc=0x00000000028b787f sp=0x0000000030daf340 mode 1
Event: 2715.758 Thread 0x000000001a5f4800 DEOPT PACKING pc=0x0000000003f2ec40 sp=0x0000000030daf670
Event: 2715.758 Thread 0x000000001a5f4800 DEOPT UNPACKING pc=0x00000000028b787f sp=0x0000000030daf350 mode 1
Event: 2716.462 Thread 0x000000001fdf2000 Uncommon trap: trap_request=0xffffffde fr.pc=0x0000000004431538
Event: 2716.462 Thread 0x000000001fdf2000 DEOPT PACKING pc=0x0000000004431538 sp=0x000000002df0ea90
Event: 2716.462 Thread 0x000000001fdf2000 DEOPT UNPACKING pc=0x00000000028b582a sp=0x000000002df0e968 mode 2
Event: 2718.035 Executing VM operation: RedefineClasses
Event: 2718.105 Executing VM operation: RedefineClasses done


Dynamic libraries:
0x000000013f710000 - 0x000000013f747000 	C:\desenvolvimento\ferramentas\jdks\jdk1.8.0_45-x64\bin\javaw.exe
0x0000000077ab0000 - 0x0000000077c5a000 	C:\windows\SYSTEM32\ntdll.dll
0x00000000773b0000 - 0x00000000774cf000 	C:\windows\system32\kernel32.dll
0x000007fefe1b0000 - 0x000007fefe21a000 	C:\windows\system32\KERNELBASE.dll
0x0000000075290000 - 0x0000000075318000 	C:\windows\System32\SYSFER.DLL
0x000007feffc60000 - 0x000007feffd3b000 	C:\windows\system32\ADVAPI32.dll
0x000007feff1c0000 - 0x000007feff25f000 	C:\windows\system32\msvcrt.dll
0x000007feffd40000 - 0x000007feffd5f000 	C:\windows\SYSTEM32\sechost.dll
0x000007feff510000 - 0x000007feff63d000 	C:\windows\system32\RPCRT4.dll
0x00000000776f0000 - 0x00000000777ea000 	C:\windows\system32\USER32.dll
0x000007fefe2e0000 - 0x000007fefe347000 	C:\windows\system32\GDI32.dll
0x000007fefe350000 - 0x000007fefe35e000 	C:\windows\system32\LPK.dll
0x000007feff9b0000 - 0x000007feffa7a000 	C:\windows\system32\USP10.dll
0x000007fefc990000 - 0x000007fefcb84000 	C:\windows\WinSxS\amd64_microsoft.windows.common-controls_6595b64144ccf1df_6.0.7601.18837_none_fa3b1e3d17594757\COMCTL32.dll
0x000007feff850000 - 0x000007feff8c1000 	C:\windows\system32\SHLWAPI.dll
0x000007feff260000 - 0x000007feff28e000 	C:\windows\system32\IMM32.DLL
0x000007feff400000 - 0x000007feff509000 	C:\windows\system32\MSCTF.dll
0x000000006de10000 - 0x000000006dee2000 	C:\desenvolvimento\ferramentas\jdks\jdk1.8.0_45-x64\jre\bin\msvcr100.dll
0x0000000054d30000 - 0x00000000555b3000 	C:\desenvolvimento\ferramentas\jdks\jdk1.8.0_45-x64\jre\bin\server\jvm.dll
0x000007fef8ce0000 - 0x000007fef8ce9000 	C:\windows\system32\WSOCK32.dll
0x000007feff310000 - 0x000007feff35d000 	C:\windows\system32\WS2_32.dll
0x000007feff0f0000 - 0x000007feff0f8000 	C:\windows\system32\NSI.dll
0x000007fefb160000 - 0x000007fefb19b000 	C:\windows\system32\WINMM.dll
0x000007fefd060000 - 0x000007fefd06c000 	C:\windows\system32\VERSION.dll
0x0000000077c70000 - 0x0000000077c77000 	C:\windows\system32\PSAPI.DLL
0x00000000720e0000 - 0x00000000720ef000 	C:\desenvolvimento\ferramentas\jdks\jdk1.8.0_45-x64\jre\bin\verify.dll
0x00000000720a0000 - 0x00000000720c9000 	C:\desenvolvimento\ferramentas\jdks\jdk1.8.0_45-x64\jre\bin\java.dll
0x000000006e7f0000 - 0x000000006e825000 	C:\desenvolvimento\ferramentas\jdks\jdk1.8.0_45-x64\jre\bin\jdwp.dll
0x0000000071c70000 - 0x0000000071c78000 	C:\desenvolvimento\ferramentas\jdks\jdk1.8.0_45-x64\jre\bin\npt.dll
0x0000000072080000 - 0x0000000072096000 	C:\desenvolvimento\ferramentas\jdks\jdk1.8.0_45-x64\jre\bin\zip.dll
0x000007fefe360000 - 0x000007feff0e9000 	C:\windows\system32\SHELL32.dll
0x000007feff640000 - 0x000007feff843000 	C:\windows\system32\ole32.dll
0x000007fefdf10000 - 0x000007fefdf1f000 	C:\windows\system32\profapi.dll
0x0000000071c50000 - 0x0000000071c59000 	C:\desenvolvimento\ferramentas\jdks\jdk1.8.0_45-x64\jre\bin\dt_socket.dll
0x000007fefbcf0000 - 0x000007fefbd05000 	C:\windows\system32\NLAapi.dll
0x000007fefaa60000 - 0x000007fefaa75000 	C:\windows\system32\napinsp.dll
0x000007fefaac0000 - 0x000007fefaad9000 	C:\windows\system32\pnrpnsp.dll
0x000007fefd780000 - 0x000007fefd7d5000 	C:\windows\System32\mswsock.dll
0x000007fefd600000 - 0x000007fefd65b000 	C:\windows\system32\DNSAPI.dll
0x000007fefaab0000 - 0x000007fefaabb000 	C:\windows\System32\winrnr.dll
0x000007fefbb90000 - 0x000007fefbbb7000 	C:\windows\system32\IPHLPAPI.DLL
0x000007fefbb70000 - 0x000007fefbb7b000 	C:\windows\system32\WINNSI.DLL
0x000007fefb950000 - 0x000007fefb9a3000 	C:\windows\System32\fwpuclnt.dll
0x000007fefaae0000 - 0x000007fefaae8000 	C:\windows\system32\rasadhlp.dll
0x000007fefd130000 - 0x000007fefd137000 	C:\windows\System32\wshtcpip.dll
0x0000000071d30000 - 0x0000000071d4a000 	C:\desenvolvimento\ferramentas\jdks\jdk1.8.0_45-x64\jre\bin\net.dll
0x000007fefd770000 - 0x000007fefd777000 	C:\windows\System32\wship6.dll
0x000007fefb6c0000 - 0x000007fefb6d1000 	C:\windows\system32\dhcpcsvc6.DLL
0x000007fefb6a0000 - 0x000007fefb6b8000 	C:\windows\system32\dhcpcsvc.DLL
0x0000000071d00000 - 0x0000000071d0d000 	C:\desenvolvimento\ferramentas\jdks\jdk1.8.0_45-x64\jre\bin\management.dll
0x00000000720f0000 - 0x0000000072101000 	C:\desenvolvimento\ferramentas\jdks\jdk1.8.0_45-x64\jre\bin\nio.dll
0x000007fefd7e0000 - 0x000007fefd7f8000 	C:\windows\system32\CRYPTSP.dll
0x000007fefd4e0000 - 0x000007fefd527000 	C:\windows\system32\rsaenh.dll
0x000007fefd240000 - 0x000007fefd25e000 	C:\windows\system32\USERENV.dll
0x000007fefde40000 - 0x000007fefde4f000 	C:\windows\system32\CRYPTBASE.dll
0x000007fef7480000 - 0x000007fef74ce000 	C:\windows\system32\pdh.dll
0x000007fefd030000 - 0x000007fefd05d000 	C:\windows\system32\ntmarta.dll
0x000007feffd60000 - 0x000007feffdb2000 	C:\windows\system32\WLDAP32.dll
0x000007fefc0b0000 - 0x000007fefc0be000 	C:\windows\System32\perfproc.dll
0x000007fef25c0000 - 0x000007fef25cb000 	C:\windows\System32\perfos.dll
0x0000000180000000 - 0x0000000180038000 	C:\Users\viniciusk\AppData\Local\Temp\jna-1722120313\jna281459769876060315.dll
0x000000006e830000 - 0x000000006e854000 	C:\desenvolvimento\ferramentas\jdks\jdk1.8.0_45-x64\jre\bin\sunec.dll
0x000007fef2390000 - 0x000007fef24b5000 	C:\windows\system32\dbghelp.dll

VM Arguments:
jvm_args: -agentlib:jdwp=transport=dt_socket,suspend=y,address=localhost:53238 -Dspring.profiles.active=development -Dfile.encoding=UTF-8 
java_command: br.jus.stf.autuacao.recebimento.ApplicationContextInitializer
java_class_path (initial): E:\local\stfdigital\stfdigitalmaster\autuacao\recebimento\bin;C:\Users\viniciusk\.gradle\caches\modules-2\files-2.1\org.springframework.boot\spring-boot-starter\1.4.0.RC1\7366413dd9025897c1742d71a3bb24d49e15f6f6\spring-boot-starter-1.4.0.RC1.jar;C:\Users\viniciusk\.gradle\caches\modules-2\files-2.1\org.springframework.boot\spring-boot-starter-actuator\1.4.0.RC1\aa5ce9b7a6b822c77cf8c53578548923e85de50a\spring-boot-starter-actuator-1.4.0.RC1.jar;C:\Users\viniciusk\.gradle\caches\modules-2\files-2.1\org.springframework.boot\spring-boot-starter-web\1.4.0.RC1\9f003f583395f472eea26da3529f534ee58916a7\spring-boot-starter-web-1.4.0.RC1.jar;C:\Users\viniciusk\.gradle\caches\modules-2\files-2.1\org.springframework.boot\spring-boot-starter-undertow\1.4.0.RC1\57db7752ab38d92fc5d88d709a632d4ef2118bd9\spring-boot-starter-undertow-1.4.0.RC1.jar;C:\Users\viniciusk\.gradle\caches\modules-2\files-2.1\org.springframework.cloud\spring-cloud-starter-oauth2\1.1.0.RELEASE\1fe0c4753b5d3ee29308e15344819e2f0e961db6\spring-cloud-starter-oauth2-1.1.0.RELEASE.jar;C:\Users\viniciusk\.gradle\caches\modules-2\files-2.1\org.springframework.boot\spring-boot-starter-security\1.4.0.RC1\6b81e39d1c7ecbdd7bc5b5f273e921302af93b79\spring-boot-starter-security-1.4.0.RC1.jar;C:\Users\viniciusk\.gradle\caches\modules-2\files-2.1\org.springframework.security.oauth\spring-security-oauth2\2.0.10.RELEASE\d4b03ff72608a09e4eb83f15b9eae59c3b8083a8\spring-security-oauth2-2.0.10.RELEASE.jar;C:\Users\viniciusk\.gradle\caches\modules-2\files-2.1\org.springframework.cloud\spring-cloud-starter-feign\1.1.0.RELEASE\962d975e82c3d35ab0d5db841b84d3104d29809\spring-cloud-starter-feign-1.1.0.RELEASE.jar;C:\Users\viniciusk\.gradle\caches\modules-2\files-2.1\org.springframework.boot\spring-boot-starter-data-jpa\1.4.0.RC1\2dccfcbed88ab162a92556e0475fe6540ab3a517\spring-boot-starter-data-jpa-1.4.0.RC1.jar;C:\Users\viniciusk\.gradle\caches\modules-2\files-2.1\org.springframework.boot\spring-boot-starter-a
Launcher Type: SUN_STANDARD

Environment Variables:
JAVA_HOME=C:\desenvolvimento\ferramentas\jdks\jdk1.8.0_45-x64
JRE_HOME=C:\desenvolvimento\ferramentas\jdks\jdk1.8.0_45-x64\jre
PATH=C:/desenvolvimento/ferramentas/jdks/jdk1.8.0_45-x64/bin/../jre/bin/server;C:/desenvolvimento/ferramentas/jdks/jdk1.8.0_45-x64/bin/../jre/bin;C:/desenvolvimento/ferramentas/jdks/jdk1.8.0_45-x64/bin/../jre/lib/amd64;C:\desenvolvimento\ferramentas\jdks\jdk1.8.0_45-x64\bin;C:\Program Files (x86)\Intel\iCLS Client\;C:\Program Files\Intel\iCLS Client\;C:\oracle\product\11.2.0\client\bin;C:\windows\system32;C:\windows;C:\windows\system32\wbem;C:\windows\system32\windowspowershell\v1.0\;C:\desenvolvimento\ferramentas\jdks\jdk1.8.0_45-x64\jre\bin;C:\Program Files\Aladdin\eToken\PKIClient\x32;C:\Program Files\Aladdin\eToken\PKIClient\x64;C:\Program Files (x86)\LibreOffice 3\program;C:\Program Files (x86)\STFOffice-BrOo-2.4.0\program;C:\SEARCH\bin;C:\SEARCH\CLIENT;C:\Program Files\SourceGear\Common\DiffMerge\;C:\HashiCorp\Vagrant\bin;C:\sdk\tools\maven\apache-maven-2.2.1\bin;C:\sdk\tools\apache-ant-1.8.2-bin\bin;C:\sdk\tools\jad;C:\Program Files\TortoiseSVN\bin;C:\Program Files\Puppet Labs\Puppet Enterprise\bin;C:\Program Files\Intel\Intel(R) Management Engine Components\DAL;C:\Program Files\Intel\Intel(R) Management Engine Components\IPT;C:\Program Files (x86)\Intel\Intel(R) Management Engine Components\DAL;C:\Program Files (x86)\Intel\Intel(R) Management Engine Components\IPT;C:\Program Files (x86)\Enterprise Vault\EVClient\;C:\desenvolvimento\ferramentas\apache-maven-3.1.1\bin;C:\desenvolvimento\ferramentas\apache-maven-3.1.1;C:\Program Files\Git\cmd;C:\Program Files\Git\bin;C:\desenvolvimento\ferramentas\gradle-2.12\bin;C:\desenvolvimento\ferramentas\nodejs\;C:\windows\System32\WindowsPowerShell\v1.0\;C:\Program Files (x86)\LibreOffice 3\program;C:\Program Files (x86)\Microsoft VS Code\bin;C:\Program Files\Docker Toolbox;C:\desenvolvimento\ferramentas\gradle-2.12\bin;C:\Users\viniciusk\AppData\Roaming\npm;C:\desenvolvimento\ides\eclipse;
USERNAME=viniciusk
OS=Windows_NT
PROCESSOR_IDENTIFIER=Intel64 Family 6 Model 60 Stepping 3, GenuineIntel



---------------  S Y S T E M  ---------------

OS: Windows 7 , 64 bit Build 7601 (6.1.7601.23418)

CPU:total 4 (4 cores per cpu, 1 threads per core) family 6 model 60 stepping 3, cmov, cx8, fxsr, mmx, sse, sse2, sse3, ssse3, sse4.1, sse4.2, popcnt, avx, avx2, aes, clmul, erms, rtm, lzcnt, tsc, tscinvbit, bmi1, bmi2

Memory: 4k page, physical 8266124k(309728k free), swap 18667756k(2441600k free)

vm_info: Java HotSpot(TM) 64-Bit Server VM (25.45-b02) for windows-amd64 JRE (1.8.0_45-b15), built on Apr 30 2015 12:40:44 by "java_re" with MS VC++ 10.0 (VS2010)

time: Fri Jul 15 19:55:43 2016
elapsed time: 2718 seconds (0d 0h 45m 18s)

